--------------------------------------------------------------------------------
[Aug 14, 2021, 3:17:27.1 PM:ERROR:creative_new_tab_page_ads_database_table.cc(434)] Failed to get creative new tab page ad
--------------------------------------------------------------------------------
[Aug 14, 2021, 5:40:53.9 PM:ERROR:creative_new_tab_page_ads_database_table.cc(434)] Failed to get creative new tab page ad
[Aug 15, 2021, 12:24:06.2 AM:ERROR:creative_new_tab_page_ads_database_table.cc(434)] Failed to get creative new tab page ad
[Aug 15, 2021, 12:47:08.8 AM:ERROR:creative_new_tab_page_ads_database_table.cc(434)] Failed to get creative new tab page ad
[Aug 15, 2021, 3:05:53.4 PM:ERROR:creative_new_tab_page_ads_database_table.cc(434)] Failed to get creative new tab page ad
[Aug 16, 2021, 1:47:50.0 AM:ERROR:creative_new_tab_page_ads_database_table.cc(434)] Failed to get creative new tab page ad
[Aug 16, 2021, 2:37:16.5 PM:ERROR:creative_new_tab_page_ads_database_table.cc(434)] Failed to get creative new tab page ad
[Aug 16, 2021, 4:44:23.0 PM:ERROR:creative_new_tab_page_ads_database_table.cc(434)] Failed to get creative new tab page ad
[Aug 17, 2021, 7:26:12.6 PM:ERROR:creative_new_tab_page_ads_database_table.cc(434)] Failed to get creative new tab page ad
--------------------------------------------------------------------------------
[Aug 18, 2021, 2:14:10.9 PM:ERROR:creative_new_tab_page_ads_database_table.cc(434)] Failed to get creative new tab page ad
[Aug 18, 2021, 3:48:11.6 PM:ERROR:creative_new_tab_page_ads_database_table.cc(434)] Failed to get creative new tab page ad
[Aug 18, 2021, 5:37:11.0 PM:ERROR:creative_new_tab_page_ads_database_table.cc(434)] Failed to get creative new tab page ad
--------------------------------------------------------------------------------
[Aug 19, 2021, 1:59:34.6 PM:ERROR:creative_new_tab_page_ads_database_table.cc(434)] Failed to get creative new tab page ad
[Aug 19, 2021, 7:48:37.0 PM:ERROR:creative_new_tab_page_ads_database_table.cc(434)] Failed to get creative new tab page ad
[Aug 21, 2021, 2:43:14.0 PM:ERROR:creative_new_tab_page_ads_database_table.cc(434)] Failed to get creative new tab page ad
[Aug 24, 2021, 11:15:42.7 PM:ERROR:creative_new_tab_page_ads_database_table.cc(434)] Failed to get creative new tab page ad
[Aug 25, 2021, 11:09:43.7 PM:ERROR:creative_new_tab_page_ads_database_table.cc(434)] Failed to get creative new tab page ad
[Aug 26, 2021, 5:11:31.8 AM:ERROR:creative_new_tab_page_ads_database_table.cc(434)] Failed to get creative new tab page ad
[Aug 27, 2021, 1:42:39.4 AM:ERROR:creative_new_tab_page_ads_database_table.cc(434)] Failed to get creative new tab page ad
--------------------------------------------------------------------------------
[Aug 28, 2021, 12:35:35.9 AM:ERROR:creative_new_tab_page_ads_database_table.cc(434)] Failed to get creative new tab page ad
--------------------------------------------------------------------------------
[Aug 28, 2021, 2:08:41.8 AM:ERROR:creative_new_tab_page_ads_database_table.cc(434)] Failed to get creative new tab page ad
[Aug 28, 2021, 4:35:15.2 AM:ERROR:creative_new_tab_page_ads_database_table.cc(434)] Failed to get creative new tab page ad
[Aug 28, 2021, 2:34:26.0 PM:ERROR:creative_new_tab_page_ads_database_table.cc(434)] Failed to get creative new tab page ad
[Aug 28, 2021, 7:35:50.7 PM:ERROR:creative_new_tab_page_ads_database_table.cc(434)] Failed to get creative new tab page ad
--------------------------------------------------------------------------------
[Aug 30, 2021, 12:02:17.1 AM:ERROR:creative_new_tab_page_ads_database_table.cc(434)] Failed to get creative new tab page ad
[Aug 30, 2021, 6:13:13.9 PM:ERROR:creative_new_tab_page_ads_database_table.cc(434)] Failed to get creative new tab page ad
--------------------------------------------------------------------------------
[Aug 31, 2021, 12:39:01.4 AM:ERROR:creative_new_tab_page_ads_database_table.cc(434)] Failed to get creative new tab page ad
--------------------------------------------------------------------------------
[Sep 01, 2021, 4:57:33.3 PM:ERROR:creative_new_tab_page_ads_database_table.cc(434)] Failed to get creative new tab page ad
--------------------------------------------------------------------------------
[Sep 01, 2021, 10:00:06.4 PM:ERROR:creative_new_tab_page_ads_database_table.cc(434)] Failed to get creative new tab page ad
--------------------------------------------------------------------------------
[Sep 02, 2021, 4:17:17.6 PM:ERROR:creative_new_tab_page_ads_database_table.cc(434)] Failed to get creative new tab page ad
[Sep 04, 2021, 9:18:16.8 AM:ERROR:creative_new_tab_page_ads_database_table.cc(434)] Failed to get creative new tab page ad
--------------------------------------------------------------------------------
[Sep 04, 2021, 5:43:03.7 PM:ERROR:creative_new_tab_page_ads_database_table.cc(434)] Failed to get creative new tab page ad
[Sep 04, 2021, 7:16:24.1 PM:ERROR:creative_new_tab_page_ads_database_table.cc(434)] Failed to get creative new tab page ad
[Sep 09, 2021, 8:32:51.6 PM:ERROR:creative_new_tab_page_ads_database_table.cc(434)] Failed to get creative new tab page ad
[Sep 12, 2021, 7:08:25.1 AM:ERROR:creative_new_tab_page_ads_database_table.cc(434)] Failed to get creative new tab page ad
[Sep 12, 2021, 9:20:29.1 PM:ERROR:creative_new_tab_page_ads_database_table.cc(434)] Failed to get creative new tab page ad
--------------------------------------------------------------------------------
[Sep 16, 2021, 6:57:16.7 AM:ERROR:creative_new_tab_page_ads_database_table.cc(434)] Failed to get creative new tab page ad
--------------------------------------------------------------------------------
[Sep 18, 2021, 1:54:31.3 AM:ERROR:creative_new_tab_page_ads_database_table.cc(434)] Failed to get creative new tab page ad
--------------------------------------------------------------------------------
[Sep 19, 2021, 1:48:34.8 AM:ERROR:creative_new_tab_page_ads_database_table.cc(434)] Failed to get creative new tab page ad
[Sep 19, 2021, 2:29:55.3 AM:ERROR:creative_new_tab_page_ads_database_table.cc(434)] Failed to get creative new tab page ad
--------------------------------------------------------------------------------
[Sep 22, 2021, 1:31:01.4 AM:ERROR:creative_new_tab_page_ads_database_table.cc(434)] Failed to get creative new tab page ad
[Sep 22, 2021, 11:32:21.8 AM:ERROR:creative_new_tab_page_ads_database_table.cc(434)] Failed to get creative new tab page ad
--------------------------------------------------------------------------------
[Sep 28, 2021, 6:52:16.2 AM:ERROR:creative_new_tab_page_ads_database_table.cc(434)] Failed to get creative new tab page ad
[Sep 29, 2021, 11:01:14.2 AM:ERROR:creative_new_tab_page_ads_database_table.cc(434)] Failed to get creative new tab page ad
[Sep 30, 2021, 6:30:50.4 AM:ERROR:creative_new_tab_page_ads_database_table.cc(434)] Failed to get creative new tab page ad
--------------------------------------------------------------------------------
[Oct 05, 2021, 6:43:00.3 AM:ERROR:creative_new_tab_page_ads_database_table.cc(436)] Failed to get creative new tab page ad
[Oct 05, 2021, 2:56:29.1 PM:ERROR:creative_new_tab_page_ads_database_table.cc(436)] Failed to get creative new tab page ad
[Oct 06, 2021, 6:59:05.8 AM:ERROR:creative_new_tab_page_ads_database_table.cc(436)] Failed to get creative new tab page ad
[Oct 06, 2021, 12:02:33.4 PM:ERROR:creative_new_tab_page_ads_database_table.cc(436)] Failed to get creative new tab page ad
--------------------------------------------------------------------------------
[Oct 06, 2021, 4:25:36.0 PM:ERROR:creative_new_tab_page_ads_database_table.cc(436)] Failed to get creative new tab page ad
[Oct 07, 2021, 10:09:49.6 AM:ERROR:creative_new_tab_page_ads_database_table.cc(436)] Failed to get creative new tab page ad
[Oct 07, 2021, 6:46:32.2 PM:ERROR:creative_new_tab_page_ads_database_table.cc(436)] Failed to get creative new tab page ad
--------------------------------------------------------------------------------
[Oct 15, 2021, 9:27:13.6 AM:ERROR:creative_new_tab_page_ads_database_table.cc(436)] Failed to get creative new tab page ad
[Oct 16, 2021, 9:15:36.5 AM:ERROR:creative_new_tab_page_ads_database_table.cc(436)] Failed to get creative new tab page ad
[Oct 16, 2021, 10:36:40.3 AM:ERROR:creative_new_tab_page_ads_database_table.cc(436)] Failed to get creative new tab page ad
[Oct 18, 2021, 12:07:17.1 PM:ERROR:creative_new_tab_page_ads_database_table.cc(436)] Failed to get creative new tab page ad
--------------------------------------------------------------------------------
[Oct 19, 2021, 11:11:02.9 AM:ERROR:creative_new_tab_page_ads_database_table.cc(436)] Failed to get creative new tab page ad
[Oct 20, 2021, 1:15:34.1 PM:ERROR:creative_new_tab_page_ads_database_table.cc(436)] Failed to get creative new tab page ad
[Oct 21, 2021, 4:39:47.2 PM:ERROR:creative_new_tab_page_ads_database_table.cc(436)] Failed to get creative new tab page ad
--------------------------------------------------------------------------------
[Oct 21, 2021, 9:58:58.6 PM:ERROR:creative_new_tab_page_ads_database_table.cc(450)] Failed to get creative new tab page ad
--------------------------------------------------------------------------------
[Oct 22, 2021, 11:10:14.4 AM:ERROR:creative_new_tab_page_ads_database_table.cc(450)] Failed to get creative new tab page ad
--------------------------------------------------------------------------------
[Oct 22, 2021, 7:27:10.3 PM:ERROR:creative_new_tab_page_ads_database_table.cc(450)] Failed to get creative new tab page ad
--------------------------------------------------------------------------------
[Oct 27, 2021, 12:05:28.2 PM:ERROR:creative_new_tab_page_ads_database_table.cc(450)] Failed to get creative new tab page ad
[Oct 27, 2021, 5:20:43.0 PM:ERROR:creative_new_tab_page_ads_database_table.cc(450)] Failed to get creative new tab page ad
[Oct 28, 2021, 2:52:18.8 AM:ERROR:creative_new_tab_page_ads_database_table.cc(450)] Failed to get creative new tab page ad
--------------------------------------------------------------------------------
[Nov 01, 2021, 1:38:14.5 PM:ERROR:creative_new_tab_page_ads_database_table.cc(455)] Failed to get creative new tab page ad
--------------------------------------------------------------------------------
[Nov 07, 2021, 11:04:32.6 AM:ERROR:creative_new_tab_page_ads_database_table.cc(455)] Failed to get creative new tab page ad
[Nov 07, 2021, 12:36:37.1 PM:ERROR:creative_new_tab_page_ads_database_table.cc(455)] Failed to get creative new tab page ad
--------------------------------------------------------------------------------
[Nov 09, 2021, 4:55:36.0 PM:ERROR:creative_new_tab_page_ads_database_table.cc(455)] Failed to get creative new tab page ad
[Nov 10, 2021, 11:54:55.2 AM:ERROR:creative_new_tab_page_ads_database_table.cc(455)] Failed to get creative new tab page ad
--------------------------------------------------------------------------------
[Nov 10, 2021, 4:51:41.6 PM:ERROR:creative_new_tab_page_ads_database_table.cc(455)] Failed to get creative new tab page ad
[Nov 10, 2021, 5:26:19.1 PM:ERROR:creative_new_tab_page_ads_database_table.cc(455)] Failed to get creative new tab page ad
--------------------------------------------------------------------------------
[Nov 15, 2021, 12:17:49.6 PM:ERROR:creative_promoted_content_ads_database_table.cc(458)] Failed to get creative new tab page ad
--------------------------------------------------------------------------------
[Nov 17, 2021, 11:09:19.4 AM:ERROR:creative_new_tab_page_ads_database_table.cc(455)] Failed to get creative new tab page ad
[Nov 18, 2021, 1:59:56.1 PM:ERROR:creative_new_tab_page_ads_database_table.cc(455)] Failed to get creative new tab page ad
[Nov 18, 2021, 11:47:08.3 PM:ERROR:creative_new_tab_page_ads_database_table.cc(455)] Failed to get creative new tab page ad
--------------------------------------------------------------------------------
[Nov 21, 2021, 11:32:51.9 AM:ERROR:creative_new_tab_page_ads_database_table.cc(448)] Failed to get creative new tab page ad
--------------------------------------------------------------------------------
[Nov 22, 2021, 3:32:35.2 PM:ERROR:creative_new_tab_page_ads_database_table.cc(448)] Failed to get creative new tab page ad
[Nov 23, 2021, 3:12:15.9 PM:ERROR:creative_new_tab_page_ads_database_table.cc(448)] Failed to get creative new tab page ad
[Nov 23, 2021, 4:00:19.8 PM:ERROR:creative_new_tab_page_ads_database_table.cc(448)] Failed to get creative new tab page ad
[Nov 23, 2021, 6:38:51.8 PM:ERROR:creative_new_tab_page_ads_database_table.cc(448)] Failed to get creative new tab page ad
[Nov 23, 2021, 6:29:25.1 PM:ERROR:creative_new_tab_page_ads_database_table.cc(448)] Failed to get creative new tab page ad
[Nov 24, 2021, 1:14:04.0 PM:ERROR:creative_new_tab_page_ads_database_table.cc(448)] Failed to get creative new tab page ad
[Nov 24, 2021, 7:03:27.8 PM:ERROR:creative_new_tab_page_ads_database_table.cc(448)] Failed to get creative new tab page ad
[Nov 24, 2021, 11:56:06.5 PM:ERROR:creative_new_tab_page_ads_database_table.cc(448)] Failed to get creative new tab page ad
--------------------------------------------------------------------------------
[Nov 25, 2021, 6:37:27.5 PM:ERROR:creative_new_tab_page_ads_database_table.cc(448)] Failed to get creative new tab page ad
[Nov 26, 2021, 5:10:29.3 PM:ERROR:creative_new_tab_page_ads_database_table.cc(448)] Failed to get creative new tab page ad
[Nov 30, 2021, 8:24:04.5 AM:ERROR:creative_new_tab_page_ads_database_table.cc(448)] Failed to get creative new tab page ad
[Nov 30, 2021, 9:38:32.1 AM:ERROR:creative_new_tab_page_ads_database_table.cc(448)] Failed to get creative new tab page ad
[Dec 04, 2021, 8:49:06.0 AM:ERROR:creative_new_tab_page_ads_database_table.cc(448)] Failed to get creative new tab page ad
--------------------------------------------------------------------------------
[Dec 07, 2021, 8:22:12.4 AM:ERROR:creative_new_tab_page_ads_database_table.cc(448)] Failed to get creative new tab page ad
[Dec 07, 2021, 4:18:07.8 PM:ERROR:creative_new_tab_page_ads_database_table.cc(448)] Failed to get creative new tab page ad
[Dec 08, 2021, 9:14:20.3 AM:ERROR:creative_new_tab_page_ads_database_table.cc(448)] Failed to get creative new tab page ad
--------------------------------------------------------------------------------
[Dec 08, 2021, 3:30:46.6 PM:ERROR:creative_new_tab_page_ads_database_table.cc(448)] Failed to get creative new tab page ad
--------------------------------------------------------------------------------
[Dec 09, 2021, 8:33:19.0 AM:ERROR:creative_new_tab_page_ads_database_table.cc(448)] Failed to get creative new tab page ad
--------------------------------------------------------------------------------
[Dec 11, 2021, 9:12:24.4 AM:ERROR:creative_new_tab_page_ads_database_table.cc(448)] Failed to get creative new tab page ad
[Dec 13, 2021, 5:07:37.9 PM:ERROR:creative_new_tab_page_ads_database_table.cc(448)] Failed to get creative new tab page ad
--------------------------------------------------------------------------------
[Dec 14, 2021, 3:38:21.2 PM:ERROR:creative_new_tab_page_ads_database_table.cc(448)] Failed to get creative new tab page ad
--------------------------------------------------------------------------------
[Dec 15, 2021, 1:16:44.0 AM:ERROR:creative_new_tab_page_ads_database_table.cc(448)] Failed to get creative new tab page ad
[Dec 17, 2021, 5:33:25.8 PM:ERROR:creative_new_tab_page_ads_database_table.cc(448)] Failed to get creative new tab page ad
[Dec 20, 2021, 11:24:01.2 PM:ERROR:text_processing.cc(71)] Failed to parse text classification pipeline JSON
[Dec 22, 2021, 2:31:37.1 PM:ERROR:creative_new_tab_page_ads_database_table.cc(448)] Failed to get creative new tab page ad
--------------------------------------------------------------------------------
[Dec 23, 2021, 5:13:44.3 PM:ERROR:creative_new_tab_page_ads_database_table.cc(523)] Failed to get creative new tab page ad
--------------------------------------------------------------------------------
[Dec 27, 2022, 12:59:06.5 PM:ERROR:creative_new_tab_page_ads_database_table.cc(523)] Failed to get creative new tab page ad
